<?xml version="1.0" encoding="utf-8"?><testsuites name="pytest tests"><testsuite name="pytest" errors="0" failures="0" skipped="0" tests="78" time="7.296" timestamp="2026-05-18T10:48:58.650929+00:00" hostname="runnervmeorf1"><testcase classname="tests.whitebox.test_alternative_rules" name="test_normalize_food_name_strips_symbols_and_whitespace" time="0.001" /><testcase classname="tests.whitebox.test_alternative_rules" name="test_clean_food_name_for_image_keeps_readable_name" time="0.001" /><testcase classname="tests.whitebox.test_alternative_rules" name="test_infer_food_category_matches_keywords" time="0.000" /><testcase classname="tests.whitebox.test_alternative_rules" name="test_is_compatible_category_uses_source_rules" time="0.000" /><testcase classname="tests.whitebox.test_alternative_rules" name="test_contains_unhealthy_keyword_detects_risky_items" time="0.000" /><testcase classname="tests.whitebox.test_auth" name="test_authenticate_user_accepts_demo_credentials" time="0.001" /><testcase classname="tests.whitebox.test_auth" name="test_authenticate_user_rejects_invalid_credentials" time="0.002" /><testcase classname="tests.whitebox.test_auth" name="test_create_and_decode_access_token_round_trip" time="0.002" /><testcase classname="tests.whitebox.test_auth" name="test_get_password_hash_and_verify_password" time="0.001" /><testcase classname="tests.whitebox.test_auth" name="test_decode_access_token_rejects_missing_subject" time="0.001" /><testcase classname="tests.whitebox.test_auth" name="test_get_current_user_rejects_invalid_token" time="0.003" /><testcase classname="tests.whitebox.test_auth_router" name="test_login_returns_token_when_credentials_are_valid" time="0.001" /><testcase classname="tests.whitebox.test_auth_router" name="test_login_rejects_invalid_credentials" time="0.001" /><testcase classname="tests.whitebox.test_cache_service" name="test_hash_image_is_deterministic" time="0.105" /><testcase classname="tests.whitebox.test_cache_service" name="test_get_cached_result_returns_cached_payload" time="0.007" /><testcase classname="tests.whitebox.test_cache_service" name="test_get_cached_result_deletes_expired_entry" time="0.006" /><testcase classname="tests.whitebox.test_cache_service" name="test_cache_result_creates_and_updates_entries" time="0.005" /><testcase classname="tests.whitebox.test_cache_service" name="test_cleanup_expired_cache_removes_only_expired_rows" time="0.005" /><testcase classname="tests.whitebox.test_daily_challenge_router" name="test_get_next_challenge_returns_random_task" time="0.041" /><testcase classname="tests.whitebox.test_daily_challenge_router" name="test_get_next_challenge_excludes_current_task" time="0.010" /><testcase classname="tests.whitebox.test_daily_challenge_router" name="test_get_next_challenge_raises_when_no_task_available" time="0.009" /><testcase classname="tests.whitebox.test_daily_challenge_router" name="test_check_challenge_status_returns_false_when_not_completed" time="0.010" /><testcase classname="tests.whitebox.test_daily_challenge_router" name="test_check_challenge_status_returns_true_when_completed_today" time="0.011" /><testcase classname="tests.whitebox.test_daily_challenge_router" name="test_complete_challenge_returns_feedback" time="0.014" /><testcase classname="tests.whitebox.test_daily_challenge_router" name="test_complete_challenge_records_only_one_completion_per_user_per_day" time="0.018" /><testcase classname="tests.whitebox.test_daily_challenge_router" name="test_complete_challenge_raises_for_missing_id" time="0.010" /><testcase classname="tests.whitebox.test_food_display" name="test_simple_display_name_removes_package_noise_and_descriptor_words" time="0.001" /><testcase classname="tests.whitebox.test_food_display" name="test_contextual_display_name_preserves_meaningful_modifier" time="0.000" /><testcase classname="tests.whitebox.test_food_display" name="test_display_name_for_section_uses_context_for_try_less_only" time="0.000" /><testcase classname="tests.whitebox.test_food_display" name="test_normalize_display_name_deduplicates_noisy_variants" time="0.000" /><testcase classname="tests.whitebox.test_food_display" name="test_challenge_suitability_filters_unusual_or_generic_descriptors" time="0.000" /><testcase classname="tests.whitebox.test_food_display" name="test_generic_output_name_detects_category_labels" time="0.000" /><testcase classname="tests.whitebox.test_health_scoring" name="test_build_query_variants_expands_aliases_and_components" time="4.259" /><testcase classname="tests.whitebox.test_health_scoring" name="test_build_query_variants_removes_stopwords" time="0.001" /><testcase classname="tests.whitebox.test_health_scoring" name="test_map_health_grade_to_score_prefers_grade_then_hcl_compliance" time="0.001" /><testcase classname="tests.whitebox.test_health_scoring" name="test_score_candidate_rewards_exact_category_match_and_penalizes_brand" time="0.001" /><testcase classname="tests.whitebox.test_health_scoring" name="test_select_best_candidate_returns_none_when_score_is_too_low" time="0.001" /><testcase classname="tests.whitebox.test_health_scoring" name="test_build_database_assessment_changes_message_by_score" time="0.001" /><testcase classname="tests.whitebox.test_recommendations_router" name="test_recommend_rejects_invalid_goal_id[unknown]" time="0.062" /><testcase classname="tests.whitebox.test_recommendations_router" name="test_recommend_rejects_invalid_goal_id[weight_loss]" time="0.003" /><testcase classname="tests.whitebox.test_recommendations_router" name="test_recommend_rejects_invalid_goal_id[]" time="0.002" /><testcase classname="tests.whitebox.test_recommendations_router" name="test_recommend_rejects_invalid_goal_id[GROW]" time="0.002" /><testcase classname="tests.whitebox.test_recommendations_router" name="test_recommend_rejects_invalid_goal_id[123]" time="0.002" /><testcase classname="tests.whitebox.test_recommendations_router" name="test_recommend_accepts_all_valid_goal_ids[grow]" time="0.003" /><testcase classname="tests.whitebox.test_recommendations_router" name="test_recommend_accepts_all_valid_goal_ids[see]" time="0.003" /><testcase classname="tests.whitebox.test_recommendations_router" name="test_recommend_accepts_all_valid_goal_ids[think]" time="0.003" /><testcase classname="tests.whitebox.test_recommendations_router" name="test_recommend_accepts_all_valid_goal_ids[fight]" time="0.003" /><testcase classname="tests.whitebox.test_recommendations_router" name="test_recommend_accepts_all_valid_goal_ids[feel]" time="0.003" /><testcase classname="tests.whitebox.test_recommendations_router" name="test_recommend_accepts_all_valid_goal_ids[strong]" time="0.003" /><testcase classname="tests.whitebox.test_recommendations_router" name="test_recommend_returns_enriched_response" time="0.003" /><testcase classname="tests.whitebox.test_recommendations_router" name="test_recommend_raises_502_when_model_output_cannot_parse" time="0.003" /><testcase classname="tests.whitebox.test_recommendations_router" name="test_recommend_passes_payload_to_model_and_filters" time="0.003" /><testcase classname="tests.whitebox.test_scan_router" name="test_is_recognised_logic" time="0.049" /><testcase classname="tests.whitebox.test_scan_router" name="test_get_food_image_url_encodes_name" time="0.005" /><testcase classname="tests.whitebox.test_scan_router" name="test_scan_food_rejects_invalid_content_type" time="0.005" /><testcase classname="tests.whitebox.test_scan_router" name="test_scan_food_rejects_empty_payload" time="0.007" /><testcase classname="tests.whitebox.test_scan_router_extended" name="test_scan_food_rejects_oversized_file" time="0.007" /><testcase classname="tests.whitebox.test_scan_router_extended" name="test_scan_food_rejects_read_error" time="0.006" /><testcase classname="tests.whitebox.test_scan_router_extended" name="test_scan_food_returns_cached_result" time="0.007" /><testcase classname="tests.whitebox.test_scan_router_extended" name="test_scan_food_returns_500_when_vision_raises" time="0.007" /><testcase classname="tests.whitebox.test_scan_router_extended" name="test_scan_food_returns_500_when_vision_returns_analysis_failed" time="0.007" /><testcase classname="tests.whitebox.test_scan_router_extended" name="test_scan_food_returns_400_for_non_food" time="0.007" /><testcase classname="tests.whitebox.test_scan_router_extended" name="test_scan_food_healthy_food_returns_empty_alternatives" time="0.007" /><testcase classname="tests.whitebox.test_scan_router_extended" name="test_scan_food_unhealthy_food_builds_alternatives" time="0.008" /><testcase classname="tests.whitebox.test_scan_router_extended" name="test_scan_food_does_not_cache_when_disabled" time="0.007" /><testcase classname="tests.whitebox.test_seed_service" name="test_chunk_rows_splits_batches" time="0.000" /><testcase classname="tests.whitebox.test_seed_service" name="test_validate_identifiers_rejects_unknown_table_and_unsafe_column" time="0.001" /><testcase classname="tests.whitebox.test_seed_service" name="test_has_seed_been_initialized_true_false" time="0.002" /><testcase classname="tests.whitebox.test_seed_service" name="test_mark_seed_initialized_executes_upsert" time="0.001" /><testcase classname="tests.whitebox.test_seed_service" name="test_seed_catalog_tables_happy_path" time="0.001" /><testcase classname="tests.whitebox.test_seed_service" name="test_seed_catalog_tables_rolls_back_on_error" time="0.001" /><testcase classname="tests.whitebox.test_stories_router" name="test_load_stories_manifest_reads_catalog" time="0.001" /><testcase classname="tests.whitebox.test_stories_router" name="test_validate_story_exists_and_page_count" time="0.001" /><testcase classname="tests.whitebox.test_stories_router" name="test_get_story_page_count_raises_for_missing_story" time="0.000" /><testcase classname="tests.whitebox.test_stories_router" name="test_get_stories_returns_manifest" time="0.001" /><testcase classname="tests.whitebox.test_stories_router" name="test_get_story_text_and_assets_resolve_real_files" time="0.007" /><testcase classname="tests.whitebox.test_stories_router" name="test_story_audio_fallback_supports_uppercase_wav" time="0.001" /><testcase classname="tests.whitebox.test_stories_router" name="test_story_asset_endpoints_validate_errors" time="0.001" /></testsuite></testsuites>